Построение начато 07.04.2012 23:39:36.
     1>Проект "E:\A_Programing\SecondPhaseTask\Console\Console.vcxproj" в узле 2 (целевые объекты build).
     1>InitializeBuildStatus:
         Создание "Debug\Console.unsuccessfulbuild", так как было задано "AlwaysCreate".
       ClCompile:
         e:\A_Programing\VS10\VC\bin\CL.exe /c /ZI /nologo /W3 /WX- /Od /Oy- /D WIN32 /D _DEBUG /D _CONSOLE /D _UNICODE /D UNICODE /Gm /EHsc /RTC1 /MDd /GS /fp:precise /Zc:wchar_t /Zc:forScope /Fo"Debug\\" /Fd"Debug\vc100.pdb" /Gd /TP /analyze- /errorReport:prompt Main.cpp command.cpp
         command.cpp
     1>e:\a_programing\secondphasetask\console\command.cpp(96): warning C4996: 'getch': The POSIX name for this item is deprecated. Instead, use the ISO C++ conformant name: _getch. See online help for details.
                 e:\a_programing\vs10\vc\include\conio.h(128): см. объявление "getch"
         Main.cpp
         Создание кода...
       ManifestResourceCompile:
         Для всех выходных данных обновления не требуется.
       Link:
         e:\A_Programing\VS10\VC\bin\link.exe /ERRORREPORT:PROMPT /OUT:"E:\A_Programing\SecondPhaseTask\Console\Debug\Console.exe" /INCREMENTAL /NOLOGO C:\OpenCV2.2\lib\opencv_core220d.lib C:\OpenCV2.2\lib\opencv_highgui220d.lib C:\OpenCV2.2\lib\opencv_video220d.lib C:\OpenCV2.2\lib\opencv_ml220d.lib C:\OpenCV2.2\lib\opencv_legacy220d.lib C:\OpenCV2.2\lib\opencv_imgproc220d.lib kernel32.lib user32.lib gdi32.lib winspool.lib comdlg32.lib advapi32.lib shell32.lib ole32.lib oleaut32.lib uuid.lib odbc32.lib odbccp32.lib /MANIFEST /ManifestFile:"Debug\Console.exe.intermediate.manifest" /MANIFESTUAC:"level='asInvoker' uiAccess='false'" /DEBUG /PDB:"E:\A_Programing\SecondPhaseTask\Console\Debug\Console.pdb" /SUBSYSTEM:CONSOLE /TLBID:1 /DYNAMICBASE /NXCOMPAT /IMPLIB:"E:\A_Programing\SecondPhaseTask\Console\Debug\Console.lib" /MACHINE:X86 Debug\Console.exe.embed.manifest.res
         Debug\command.obj
         Debug\Main.obj
       Manifest:
         C:\Program Files\Microsoft SDKs\Windows\v7.0A\bin\mt.exe /nologo /verbose /out:"Debug\Console.exe.embed.manifest" /manifest Debug\Console.exe.intermediate.manifest
         Для всех выходных данных обновления не требуется.
       LinkEmbedManifest:
         Для всех выходных данных обновления не требуется.
         Console.vcxproj -> E:\A_Programing\SecondPhaseTask\Console\Debug\Console.exe
       FinalizeBuildStatus:
         Файл "Debug\Console.unsuccessfulbuild" удаляется.
         Обращение к "Debug\Console.lastbuildstate".
     1>Построение проекта "E:\A_Programing\SecondPhaseTask\Console\Console.vcxproj" завершено (целевые объекты build).

Построение успешно завершено.

Затраченное время: 00:00:01.92
