E:\A_PROGRAMING\SECONDPHASETASK\VIDEO\VIDEO\DEBUG\VIDEO.EXE
E:\A_PROGRAMING\SECONDPHASETASK\VIDEO\VIDEO\DEBUG\VIDEO.ILK
E:\A_PROGRAMING\SECONDPHASETASK\VIDEO\VIDEO\DEBUG\VIDEO.PDB
E:\A_Programing\SecondPhaseTask\Video\video\video\Debug\cl.command.1.tlog
E:\A_Programing\SecondPhaseTask\Video\video\video\Debug\CL.read.1.tlog
E:\A_Programing\SecondPhaseTask\Video\video\video\Debug\CL.write.1.tlog
E:\A_Programing\SecondPhaseTask\Video\video\video\Debug\link.1276.read.1.tlog
E:\A_Programing\SecondPhaseTask\Video\video\video\Debug\link.1276.write.1.tlog
E:\A_Programing\SecondPhaseTask\Video\video\video\Debug\link.1276-cvtres.read.1.tlog
E:\A_Programing\SecondPhaseTask\Video\video\video\Debug\link.1276-cvtres.write.1.tlog
E:\A_Programing\SecondPhaseTask\Video\video\video\Debug\link.1412.read.1.tlog
E:\A_Programing\SecondPhaseTask\Video\video\video\Debug\link.1412.write.1.tlog
E:\A_Programing\SecondPhaseTask\Video\video\video\Debug\link.1412-cvtres.read.1.tlog
E:\A_Programing\SecondPhaseTask\Video\video\video\Debug\link.1412-cvtres.write.1.tlog
E:\A_Programing\SecondPhaseTask\Video\video\video\Debug\link.3940.read.1.tlog
E:\A_Programing\SecondPhaseTask\Video\video\video\Debug\link.3940.write.1.tlog
E:\A_Programing\SecondPhaseTask\Video\video\video\Debug\link.3940-cvtres.read.1.tlog
E:\A_Programing\SecondPhaseTask\Video\video\video\Debug\link.3940-cvtres.write.1.tlog
E:\A_Programing\SecondPhaseTask\Video\video\video\Debug\link.command.1.tlog
E:\A_Programing\SecondPhaseTask\Video\video\video\Debug\link.read.1.tlog
E:\A_Programing\SecondPhaseTask\Video\video\video\Debug\link.write.1.tlog
E:\A_Programing\SecondPhaseTask\Video\video\video\Debug\link-cvtres.read.1.tlog
E:\A_Programing\SecondPhaseTask\Video\video\video\Debug\link-cvtres.write.1.tlog
E:\A_Programing\SecondPhaseTask\Video\video\video\Debug\mt.command.1.tlog
E:\A_Programing\SecondPhaseTask\Video\video\video\Debug\mt.read.1.tlog
E:\A_Programing\SecondPhaseTask\Video\video\video\Debug\mt.write.1.tlog
E:\A_Programing\SecondPhaseTask\Video\video\video\Debug\rc.command.1.tlog
E:\A_Programing\SecondPhaseTask\Video\video\video\Debug\rc.read.1.tlog
E:\A_Programing\SecondPhaseTask\Video\video\video\Debug\rc.write.1.tlog
E:\A_PROGRAMING\SECONDPHASETASK\VIDEO\VIDEO\VIDEO\DEBUG\STDAFX.OBJ
E:\A_Programing\SecondPhaseTask\Video\video\video\Debug\vc100.idb
E:\A_PROGRAMING\SECONDPHASETASK\VIDEO\VIDEO\VIDEO\DEBUG\VC100.PDB
E:\A_PROGRAMING\SECONDPHASETASK\VIDEO\VIDEO\VIDEO\DEBUG\VIDEO.EXE.EMBED.MANIFEST
E:\A_PROGRAMING\SECONDPHASETASK\VIDEO\VIDEO\VIDEO\DEBUG\VIDEO.EXE.EMBED.MANIFEST.RES
E:\A_PROGRAMING\SECONDPHASETASK\VIDEO\VIDEO\VIDEO\DEBUG\VIDEO.EXE.INTERMEDIATE.MANIFEST
E:\A_PROGRAMING\SECONDPHASETASK\VIDEO\VIDEO\VIDEO\DEBUG\VIDEO.OBJ
E:\A_PROGRAMING\SECONDPHASETASK\VIDEO\VIDEO\VIDEO\DEBUG\VIDEO.PCH
E:\A_Programing\SecondPhaseTask\Video\video\video\Debug\video_manifest.rc
