Построение начато 07.04.2012 20:13:01.
     1>Проект "E:\A_Programing\SecondPhaseTask\Video\video\video\video.vcxproj" в узле 2 (целевые объекты build).
     1>InitializeBuildStatus:
         Создание "Debug\video.unsuccessfulbuild", так как было задано "AlwaysCreate".
       ClCompile:
         Для всех выходных данных обновления не требуется.
         e:\A_Programing\VS10\VC\bin\CL.exe /c /ZI /nologo /W3 /WX- /Od /Oy- /D WIN32 /D _DEBUG /D _CONSOLE /D _UNICODE /D UNICODE /Gm /EHsc /RTC1 /MDd /GS /fp:precise /Zc:wchar_t /Zc:forScope /Yu"StdAfx.h" /Fp"Debug\video.pch" /Fo"Debug\\" /Fd"Debug\vc100.pdb" /Gd /TP /analyze- /errorReport:prompt video.cpp
         video.cpp
     1>c:\opencv2.2\include\opencv2\flann\logger.h(66): warning C4996: 'fopen': This function or variable may be unsafe. Consider using fopen_s instead. To disable deprecation, use _CRT_SECURE_NO_WARNINGS. See online help for details.
                 e:\a_programing\vs10\vc\include\stdio.h(234): см. объявление "fopen"
     1>e:\a_programing\secondphasetask\video\video\video\video.cpp(43): warning C4996: 'strcpy': This function or variable may be unsafe. Consider using strcpy_s instead. To disable deprecation, use _CRT_SECURE_NO_WARNINGS. See online help for details.
                 e:\a_programing\vs10\vc\include\string.h(105): см. объявление "strcpy"
     1>e:\a_programing\secondphasetask\video\video\video\video.cpp(105): warning C4996: 'strcpy': This function or variable may be unsafe. Consider using strcpy_s instead. To disable deprecation, use _CRT_SECURE_NO_WARNINGS. See online help for details.
                 e:\a_programing\vs10\vc\include\string.h(105): см. объявление "strcpy"
     1>e:\a_programing\secondphasetask\video\video\video\video.cpp(110): warning C4996: 'strcpy': This function or variable may be unsafe. Consider using strcpy_s instead. To disable deprecation, use _CRT_SECURE_NO_WARNINGS. See online help for details.
                 e:\a_programing\vs10\vc\include\string.h(105): см. объявление "strcpy"
     1>e:\a_programing\secondphasetask\video\video\video\video.cpp(115): warning C4996: 'strcpy': This function or variable may be unsafe. Consider using strcpy_s instead. To disable deprecation, use _CRT_SECURE_NO_WARNINGS. See online help for details.
                 e:\a_programing\vs10\vc\include\string.h(105): см. объявление "strcpy"
       ManifestResourceCompile:
         Для всех выходных данных обновления не требуется.
       Link:
         e:\A_Programing\VS10\VC\bin\link.exe /ERRORREPORT:PROMPT /OUT:"E:\A_Programing\SecondPhaseTask\Video\video\Debug\video.exe" /INCREMENTAL /NOLOGO C:\OpenCV2.2\lib\opencv_core220d.lib C:\OpenCV2.2\lib\opencv_highgui220d.lib C:\OpenCV2.2\lib\opencv_video220d.lib C:\OpenCV2.2\lib\opencv_ml220d.lib C:\OpenCV2.2\lib\opencv_legacy220d.lib C:\OpenCV2.2\lib\opencv_imgproc220d.lib kernel32.lib user32.lib gdi32.lib winspool.lib comdlg32.lib advapi32.lib shell32.lib ole32.lib oleaut32.lib uuid.lib odbc32.lib odbccp32.lib /MANIFEST /ManifestFile:"Debug\video.exe.intermediate.manifest" /MANIFESTUAC:"level='asInvoker' uiAccess='false'" /DEBUG /PDB:"E:\A_Programing\SecondPhaseTask\Video\video\Debug\video.pdb" /SUBSYSTEM:CONSOLE /TLBID:1 /DYNAMICBASE /NXCOMPAT /IMPLIB:"E:\A_Programing\SecondPhaseTask\Video\video\Debug\video.lib" /MACHINE:X86 Debug\video.exe.embed.manifest.res
         Debug\stdafx.obj
         Debug\video.obj
       Manifest:
         C:\Program Files\Microsoft SDKs\Windows\v7.0A\bin\mt.exe /nologo /verbose /out:"Debug\video.exe.embed.manifest" /manifest Debug\video.exe.intermediate.manifest
         Для всех выходных данных обновления не требуется.
       LinkEmbedManifest:
         Для всех выходных данных обновления не требуется.
         video.vcxproj -> E:\A_Programing\SecondPhaseTask\Video\video\Debug\video.exe
       FinalizeBuildStatus:
         Файл "Debug\video.unsuccessfulbuild" удаляется.
         Обращение к "Debug\video.lastbuildstate".
     1>Построение проекта "E:\A_Programing\SecondPhaseTask\Video\video\video\video.vcxproj" завершено (целевые объекты build).

Построение успешно завершено.

Затраченное время: 00:00:02.70
